<?xml version="1.0" encoding="UTF-8"?>
<testng-results ignored="0" total="6" passed="6" failed="0" skipped="0">
  <reporter-output>
  </reporter-output>
  <suite started-at="2022-12-20T12:06:47 CET" name="AllTestsSuite" finished-at="2022-12-20T12:07:02 CET" duration-ms="15329">
    <groups>
    </groups>
    <test started-at="2022-12-20T12:06:47 CET" name="Projekt22" finished-at="2022-12-20T12:07:02 CET" duration-ms="15329">
      <class name="ProtonTest">
        <test-method is-config="true" signature="setupTest()[pri:0, instance:ProtonTest@bcec361]" started-at="2022-12-20T12:06:47 CET" name="setupTest" finished-at="2022-12-20T12:06:49 CET" duration-ms="1468" status="PASS">
          <reporter-output>
          </reporter-output>
        </test-method> <!-- setupTest -->
        <test-method signature="addAndRemoveFromCartTest()[pri:0, instance:ProtonTest@bcec361]" started-at="2022-12-20T12:06:49 CET" name="addAndRemoveFromCartTest" finished-at="2022-12-20T12:06:51 CET" duration-ms="1971" status="PASS">
          <reporter-output>
          </reporter-output>
        </test-method> <!-- addAndRemoveFromCartTest -->
        <test-method is-config="true" signature="teardownTest()[pri:0, instance:ProtonTest@bcec361]" started-at="2022-12-20T12:06:51 CET" name="teardownTest" finished-at="2022-12-20T12:06:51 CET" duration-ms="119" status="PASS">
          <reporter-output>
          </reporter-output>
        </test-method> <!-- teardownTest -->
        <test-method is-config="true" signature="setupTest()[pri:0, instance:ProtonTest@bcec361]" started-at="2022-12-20T12:06:51 CET" name="setupTest" finished-at="2022-12-20T12:06:51 CET" duration-ms="703" status="PASS">
          <reporter-output>
          </reporter-output>
        </test-method> <!-- setupTest -->
        <test-method signature="checkoutTest()[pri:0, instance:ProtonTest@bcec361]" started-at="2022-12-20T12:06:51 CET" name="checkoutTest" finished-at="2022-12-20T12:06:53 CET" duration-ms="1980" status="PASS">
          <reporter-output>
          </reporter-output>
        </test-method> <!-- checkoutTest -->
        <test-method is-config="true" signature="teardownTest()[pri:0, instance:ProtonTest@bcec361]" started-at="2022-12-20T12:06:53 CET" name="teardownTest" finished-at="2022-12-20T12:06:54 CET" duration-ms="140" status="PASS">
          <reporter-output>
          </reporter-output>
        </test-method> <!-- teardownTest -->
        <test-method is-config="true" signature="setupTest()[pri:0, instance:ProtonTest@bcec361]" started-at="2022-12-20T12:06:54 CET" name="setupTest" finished-at="2022-12-20T12:06:54 CET" duration-ms="698" status="PASS">
          <reporter-output>
          </reporter-output>
        </test-method> <!-- setupTest -->
        <test-method signature="detailOfProduct()[pri:0, instance:ProtonTest@bcec361]" started-at="2022-12-20T12:06:54 CET" name="detailOfProduct" finished-at="2022-12-20T12:06:56 CET" duration-ms="1828" status="PASS">
          <reporter-output>
          </reporter-output>
        </test-method> <!-- detailOfProduct -->
        <test-method is-config="true" signature="teardownTest()[pri:0, instance:ProtonTest@bcec361]" started-at="2022-12-20T12:06:56 CET" name="teardownTest" finished-at="2022-12-20T12:06:56 CET" duration-ms="114" status="PASS">
          <reporter-output>
          </reporter-output>
        </test-method> <!-- teardownTest -->
        <test-method is-config="true" signature="setupTest()[pri:0, instance:ProtonTest@bcec361]" started-at="2022-12-20T12:06:56 CET" name="setupTest" finished-at="2022-12-20T12:06:57 CET" duration-ms="720" status="PASS">
          <reporter-output>
          </reporter-output>
        </test-method> <!-- setupTest -->
        <test-method signature="filterProducts()[pri:0, instance:ProtonTest@bcec361]" started-at="2022-12-20T12:06:57 CET" name="filterProducts" finished-at="2022-12-20T12:06:58 CET" duration-ms="1352" status="PASS">
          <reporter-output>
          </reporter-output>
        </test-method> <!-- filterProducts -->
        <test-method is-config="true" signature="teardownTest()[pri:0, instance:ProtonTest@bcec361]" started-at="2022-12-20T12:06:58 CET" name="teardownTest" finished-at="2022-12-20T12:06:58 CET" duration-ms="147" status="PASS">
          <reporter-output>
          </reporter-output>
        </test-method> <!-- teardownTest -->
        <test-method is-config="true" signature="setupTest()[pri:0, instance:ProtonTest@bcec361]" started-at="2022-12-20T12:06:58 CET" name="setupTest" finished-at="2022-12-20T12:06:59 CET" duration-ms="702" status="PASS">
          <reporter-output>
          </reporter-output>
        </test-method> <!-- setupTest -->
        <test-method signature="kirbySearchTest()[pri:0, instance:ProtonTest@bcec361]" started-at="2022-12-20T12:06:59 CET" name="kirbySearchTest" finished-at="2022-12-20T12:07:00 CET" duration-ms="983" status="PASS">
          <reporter-output>
          </reporter-output>
        </test-method> <!-- kirbySearchTest -->
        <test-method is-config="true" signature="teardownTest()[pri:0, instance:ProtonTest@bcec361]" started-at="2022-12-20T12:07:00 CET" name="teardownTest" finished-at="2022-12-20T12:07:00 CET" duration-ms="119" status="PASS">
          <reporter-output>
          </reporter-output>
        </test-method> <!-- teardownTest -->
        <test-method is-config="true" signature="setupTest()[pri:0, instance:ProtonTest@bcec361]" started-at="2022-12-20T12:07:00 CET" name="setupTest" finished-at="2022-12-20T12:07:01 CET" duration-ms="708" status="PASS">
          <reporter-output>
          </reporter-output>
        </test-method> <!-- setupTest -->
        <test-method signature="loginPretplataTest()[pri:0, instance:ProtonTest@bcec361]" started-at="2022-12-20T12:07:01 CET" name="loginPretplataTest" finished-at="2022-12-20T12:07:02 CET" duration-ms="1428" status="PASS">
          <reporter-output>
          </reporter-output>
        </test-method> <!-- loginPretplataTest -->
        <test-method is-config="true" signature="teardownTest()[pri:0, instance:ProtonTest@bcec361]" started-at="2022-12-20T12:07:02 CET" name="teardownTest" finished-at="2022-12-20T12:07:02 CET" duration-ms="118" status="PASS">
          <reporter-output>
          </reporter-output>
        </test-method> <!-- teardownTest -->
      </class> <!-- ProtonTest -->
    </test> <!-- Projekt22 -->
  </suite> <!-- AllTestsSuite -->
</testng-results>
