<?xml version="1.0" encoding="UTF-8"?>
<testsuite xmlns:xsi="http://www.w3.org/2001/XMLSchema-instance" xsi:noNamespaceSchemaLocation="https://maven.apache.org/surefire/maven-surefire-plugin/xsd/surefire-test-report.xsd" name="TestSuite" time="15.745" tests="6" errors="0" skipped="0" failures="0">
  <properties>
[...]
</properties>
  <testcase name="addAndRemoveFromCartTest" classname="ProtonTest" time="1.971"/>
  <testcase name="checkoutTest" classname="ProtonTest" time="1.98"/>
  <testcase name="detailOfProduct" classname="ProtonTest" time="1.828"/>
  <testcase name="filterProducts" classname="ProtonTest" time="1.352"/>
  <testcase name="kirbySearchTest" classname="ProtonTest" time="0.983"/>
  <testcase name="loginPretplataTest" classname="ProtonTest" time="1.429"/>
</testsuite>