<?xml version="1.0" encoding="UTF-8"?>
<!-- Generated by org.testng.reporters.JUnitXMLReporter -->
<testsuite ignored="0" hostname="DESKTOP-V79TR36" failures="0" tests="6" name="Projekt22" time="15.329" errors="0" timestamp="2022-12-20T12:07:03 CET">
  <testcase classname="ProtonTest" name="addAndRemoveFromCartTest" time="1.971"/>
  <testcase classname="ProtonTest" name="checkoutTest" time="1.98"/>
  <testcase classname="ProtonTest" name="detailOfProduct" time="1.828"/>
  <testcase classname="ProtonTest" name="filterProducts" time="1.352"/>
  <testcase classname="ProtonTest" name="kirbySearchTest" time="0.983"/>
  <testcase classname="ProtonTest" name="loginPretplataTest" time="1.428"/>
</testsuite> <!-- Projekt22 -->
