<?xml version="1.0" encoding="UTF-8"?>
<!-- Generated by org.testng.reporters.JUnitXMLReporter -->
<testsuite ignored="0" hostname="DESKTOP-V79TR36" failures="0" tests="18" name="Projekt22" time="66.11" errors="0" timestamp="2023-01-30T00:44:06 CET">
  <testcase classname="ProtonTest" name="addAndRemoveFromCartTest" time="1.89"/>
  <testcase classname="ProtonTest" name="checkoutTest" time="1.918"/>
  <testcase classname="ProtonTest" name="detailOfProduct" time="1.721"/>
  <testcase classname="ProtonTest" name="filterProducts" time="2.29"/>
  <testcase classname="ProtonTest" name="kirbySearchTest" time="0.923"/>
  <testcase classname="ProtonTest" name="loginPretplataTest" time="1.365"/>
  <testcase classname="ProtonTest" name="addAndRemoveFromCartTest" time="1.85"/>
  <testcase classname="ProtonTest" name="checkoutTest" time="1.896"/>
  <testcase classname="ProtonTest" name="detailOfProduct" time="1.744"/>
  <testcase classname="ProtonTest" name="filterProducts" time="2.274"/>
  <testcase classname="ProtonTest" name="kirbySearchTest" time="0.925"/>
  <testcase classname="ProtonTest" name="loginPretplataTest" time="1.394"/>
  <testcase classname="ProtonTest" name="addAndRemoveFromCartTest" time="2.044"/>
  <testcase classname="ProtonTest" name="checkoutTest" time="1.924"/>
  <testcase classname="ProtonTest" name="detailOfProduct" time="2.022"/>
  <testcase classname="ProtonTest" name="filterProducts" time="2.402"/>
  <testcase classname="ProtonTest" name="kirbySearchTest" time="0.933"/>
  <testcase classname="ProtonTest" name="loginPretplataTest" time="1.513"/>
</testsuite> <!-- Projekt22 -->
